<?xml version="1.0" encoding="UTF-8"?>
<!-- Generated by org.testng.reporters.JUnitXMLReporter -->
<testsuite hostname="DESKTOP-6FTF0UD" ignored="0" name="Test" tests="6" failures="0" timestamp="2019-11-21T10:58:39 IST" time="0.138" errors="0">
  <testcase name="test" time="0.01" classname="MyTestNp.NewTest1"/>
  <testcase name="test" time="0.004" classname="MyTestNp.NewTest1"/>
  <testcase name="test" time="0.003" classname="MyTestNp.NewTest"/>
  <testcase name="test" time="0.004" classname="MyTestNp.NewTest"/>
  <testcase name="test5" time="0.003" classname="MyTestNp.AnnotationofTestn"/>
  <testcase name="test51" time="0.002" classname="MyTestNp.AnnotationofTestn"/>
</testsuite> <!-- Test -->
